Using pre-set license
Built from '2021.3/staging' branch; Version is '2021.3.25f1 (68ef2c4f8861) revision 6876972'; Using compiler version '192829333'; Build Type 'Release'
OS: 'Windows 10  (10.0.19045) 64bit Core' Language: 'de' Physical Memory: 16296 MB
BatchMode: 1, IsHumanControllingUs: 0, StartBugReporterOnCrash: 0, Is64bit: 1, IsPro: 1

COMMAND LINE ARGUMENTS:
D:\Unity\Editor\2021.3.25f1\Editor\Unity.exe
-adb2
-batchMode
-noUpm
-name
AssetImportWorker0
-projectPath
C:/Users/fleis/Documents/GitHub/firstGame/MyGame
-logFile
Logs/AssetImportWorker0.log
-srvPort
57417
Successfully changed project path to: C:/Users/fleis/Documents/GitHub/firstGame/MyGame
C:/Users/fleis/Documents/GitHub/firstGame/MyGame
[UnityMemory] Configuration Parameters - Can be set up in boot.config
    "memorysetup-bucket-allocator-granularity=16"
    "memorysetup-bucket-allocator-bucket-count=8"
    "memorysetup-bucket-allocator-block-size=33554432"
    "memorysetup-bucket-allocator-block-count=8"
    "memorysetup-main-allocator-block-size=16777216"
    "memorysetup-thread-allocator-block-size=16777216"
    "memorysetup-gfx-main-allocator-block-size=16777216"
    "memorysetup-gfx-thread-allocator-block-size=16777216"
    "memorysetup-cache-allocator-block-size=4194304"
    "memorysetup-typetree-allocator-block-size=2097152"
    "memorysetup-profiler-bucket-allocator-granularity=16"
    "memorysetup-profiler-bucket-allocator-bucket-count=8"
    "memorysetup-profiler-bucket-allocator-block-size=33554432"
    "memorysetup-profiler-bucket-allocator-block-count=8"
    "memorysetup-profiler-allocator-block-size=16777216"
    "memorysetup-profiler-editor-allocator-block-size=1048576"
    "memorysetup-temp-allocator-size-main=16777216"
    "memorysetup-job-temp-allocator-block-size=2097152"
    "memorysetup-job-temp-allocator-block-size-background=1048576"
    "memorysetup-job-temp-allocator-reduction-small-platforms=262144"
    "memorysetup-temp-allocator-size-background-worker=32768"
    "memorysetup-temp-allocator-size-job-worker=262144"
    "memorysetup-temp-allocator-size-preload-manager=33554432"
    "memorysetup-temp-allocator-size-nav-mesh-worker=65536"
    "memorysetup-temp-allocator-size-audio-worker=65536"
    "memorysetup-temp-allocator-size-cloud-worker=32768"
    "memorysetup-temp-allocator-size-gi-baking-worker=262144"
    "memorysetup-temp-allocator-size-gfx=262144"
Player connection [8060] Host "[IP] 192.168.2.100 [Port] 0 [Flags] 2 [Guid] 208025950 [EditorId] 208025950 [Version] 1048832 [Id] WindowsEditor(7,DESKTOP-L56U9AN) [Debug] 1 [PackageName] WindowsEditor [ProjectName] Editor" joined multi-casting on [225.0.0.222:54997]...

Player connection [8060] Host "[IP] 192.168.2.100 [Port] 0 [Flags] 2 [Guid] 208025950 [EditorId] 208025950 [Version] 1048832 [Id] WindowsEditor(7,DESKTOP-L56U9AN) [Debug] 1 [PackageName] WindowsEditor [ProjectName] Editor" joined alternative multi-casting on [225.0.0.222:34997]...

Refreshing native plugins compatible for Editor in 92.64 ms, found 3 plugins.
Preloading 0 native plugins for Editor in 0.00 ms.
Initialize engine version: 2021.3.25f1 (68ef2c4f8861)
[Subsystems] Discovering subsystems at path D:/Unity/Editor/2021.3.25f1/Editor/Data/Resources/UnitySubsystems
[Subsystems] Discovering subsystems at path C:/Users/fleis/Documents/GitHub/firstGame/MyGame/Assets
GfxDevice: creating device client; threaded=0; jobified=0
Direct3D:
    Version:  Direct3D 11.0 [level 11.1]
    Renderer: NVIDIA GeForce GTX 1070 Ti (ID=0x1b82)
    Vendor:   NVIDIA
    VRAM:     8073 MB
    Driver:   31.0.15.3141
Initialize mono
Mono path[0] = 'D:/Unity/Editor/2021.3.25f1/Editor/Data/Managed'
Mono path[1] = 'D:/Unity/Editor/2021.3.25f1/Editor/Data/MonoBleedingEdge/lib/mono/unityjit-win32'
Mono config path = 'D:/Unity/Editor/2021.3.25f1/Editor/Data/MonoBleedingEdge/etc'
Using monoOptions --debugger-agent=transport=dt_socket,embedding=1,server=y,suspend=n,address=127.0.0.1:56092
Begin MonoManager ReloadAssembly
Registering precompiled unity dll's ...
Register platform support module: D:/Unity/Editor/2021.3.25f1/Editor/Data/PlaybackEngines/WindowsStandaloneSupport/UnityEditor.WindowsStandalone.Extensions.dll
Registered in 0.004197 seconds.
Native extension for WindowsStandalone target not found
Refreshing native plugins compatible for Editor in 83.85 ms, found 3 plugins.
Preloading 0 native plugins for Editor in 0.00 ms.
Mono: successfully reloaded assembly
- Completed reload, in  0.788 seconds
Domain Reload Profiling:
	ReloadAssembly (788ms)
		BeginReloadAssembly (100ms)
			ExecutionOrderSort (0ms)
			DisableScriptedObjects (0ms)
			BackupInstance (0ms)
			ReleaseScriptingObjects (0ms)
			CreateAndSetChildDomain (1ms)
		EndReloadAssembly (572ms)
			LoadAssemblies (99ms)
			RebuildTransferFunctionScriptingTraits (0ms)
			SetupTypeCache (135ms)
			ReleaseScriptCaches (0ms)
			RebuildScriptCaches (42ms)
			SetupLoadedEditorAssemblies (333ms)
				LogAssemblyErrors (0ms)
				InitializePlatformSupportModulesInManaged (8ms)
				SetLoadedEditorAssemblies (0ms)
				RefreshPlugins (84ms)
				BeforeProcessingInitializeOnLoad (1ms)
				ProcessInitializeOnLoadAttributes (175ms)
				ProcessInitializeOnLoadMethodAttributes (64ms)
				AfterProcessingInitializeOnLoad (0ms)
				EditorAssembliesLoaded (0ms)
			ExecutionOrderSort2 (0ms)
			AwakeInstancesAfterBackupRestoration (0ms)
Platform modules already initialized, skipping
Registering precompiled user dll's ...
Registered in 0.007925 seconds.
Begin MonoManager ReloadAssembly
Symbol file LoadedFromMemory doesn't match image C:\Users\fleis\Documents\GitHub\firstGame\MyGame\Library\PackageCache\com.unity.visualscripting@1.8.0\Editor\VisualScripting.Core\Dependencies\YamlDotNet\Unity.VisualScripting.YamlDotNet.dll
Symbol file LoadedFromMemory doesn't match image C:\Users\fleis\Documents\GitHub\firstGame\MyGame\Library\PackageCache\com.unity.visualscripting@1.8.0\Editor\VisualScripting.Core\Dependencies\DotNetZip\Unity.VisualScripting.IonicZip.dll
Native extension for WindowsStandalone target not found
Refreshing native plugins compatible for Editor in 0.64 ms, found 3 plugins.
Preloading 0 native plugins for Editor in 0.00 ms.
Mono: successfully reloaded assembly
- Completed reload, in  1.149 seconds
Domain Reload Profiling:
	ReloadAssembly (1150ms)
		BeginReloadAssembly (147ms)
			ExecutionOrderSort (0ms)
			DisableScriptedObjects (7ms)
			BackupInstance (0ms)
			ReleaseScriptingObjects (0ms)
			CreateAndSetChildDomain (24ms)
		EndReloadAssembly (878ms)
			LoadAssemblies (99ms)
			RebuildTransferFunctionScriptingTraits (0ms)
			SetupTypeCache (295ms)
			ReleaseScriptCaches (1ms)
			RebuildScriptCaches (60ms)
			SetupLoadedEditorAssemblies (389ms)
				LogAssemblyErrors (0ms)
				InitializePlatformSupportModulesInManaged (5ms)
				SetLoadedEditorAssemblies (1ms)
				RefreshPlugins (1ms)
				BeforeProcessingInitializeOnLoad (87ms)
				ProcessInitializeOnLoadAttributes (268ms)
				ProcessInitializeOnLoadMethodAttributes (24ms)
				AfterProcessingInitializeOnLoad (4ms)
				EditorAssembliesLoaded (0ms)
			ExecutionOrderSort2 (0ms)
			AwakeInstancesAfterBackupRestoration (8ms)
Platform modules already initialized, skipping
========================================================================
Worker process is ready to serve import requests
Launched and connected shader compiler UnityShaderCompiler.exe after 0.05 seconds
Refreshing native plugins compatible for Editor in 0.62 ms, found 3 plugins.
Preloading 0 native plugins for Editor in 0.00 ms.
Unloading 3049 Unused Serialized files (Serialized files now loaded: 0)
Unloading 24 unused Assets / (113.4 KB). Loaded Objects now: 3509.
Memory consumption went from 107.5 MB to 107.4 MB.
Total: 3.635600 ms (FindLiveObjects: 0.327800 ms CreateObjectMapping: 0.217200 ms MarkObjects: 2.950900 ms  DeleteObjects: 0.138700 ms)

AssetImportParameters requested are different than current active one (requested -> active):
  custom:video-decoder-ogg-theora: a1e56fd34408186e4bbccfd4996cb3dc -> 
  custom:container-muxer-webm: aa71ff27fc2769a1b78a27578f13a17b -> 
  custom:container-demuxer-webm: 4f35f7cbe854078d1ac9338744f61a02 -> 
  custom:video-encoder-webm-vp8: eb34c28f22e8b96e1ab97ce403110664 -> 
  custom:audio-encoder-webm-vorbis: bf7c407c2cedff20999df2af8eb42d56 -> 
  custom:framework-win-MediaFoundation: 216162199b28c13a410421893ffa2e32 -> 
  custom:container-demuxer-ogg: 62fdf1f143b41e24485cea50d1cbac27 -> 
  custom:video-decoder-webm-vp8: 9c59270c3fd7afecdb556c50c9e8de78 -> 
  custom:audio-decoder-ogg-vorbis: bf7c407c2cedff20999df2af8eb42d56 -> 
========================================================================
Received Import Request.
  Time since last request: 1560724.749954 seconds.
  path: Assets/Scripts
  artifactKey: Guid(c7bb99046d1bc804ab8b3bf49c96d7a7) Importer(815301076,1909f56bfc062723c751e8b465ee728b)
Start importing Assets/Scripts using Guid(c7bb99046d1bc804ab8b3bf49c96d7a7) Importer(815301076,1909f56bfc062723c751e8b465ee728b)  -> (artifact id: 'c93b5604ac36db4984e342813727d52b') in 0.015907 seconds 
========================================================================
Received Import Request.
  Time since last request: 7.609456 seconds.
  path: Assets/Objects
  artifactKey: Guid(c931037a53a4ad943825d37a2c993324) Importer(815301076,1909f56bfc062723c751e8b465ee728b)
Start importing Assets/Objects using Guid(c931037a53a4ad943825d37a2c993324) Importer(815301076,1909f56bfc062723c751e8b465ee728b)  -> (artifact id: '04847d30381a8b5d01ff17369d40be18') in 0.010910 seconds 
========================================================================
Received Import Request.
  Time since last request: 3600.428351 seconds.
  path: Assets/Objects/WoodenBlock.obj
  artifactKey: Guid(a3f009baeb2fd3147aa3eb8379868f44) Importer(815301076,1909f56bfc062723c751e8b465ee728b)
Start importing Assets/Objects/WoodenBlock.obj using Guid(a3f009baeb2fd3147aa3eb8379868f44) Importer(815301076,1909f56bfc062723c751e8b465ee728b)  -> (artifact id: '7250a1423d0731a8e34346525fe323be') in 0.599937 seconds 
========================================================================
Received Import Request.
  Time since last request: 106.269629 seconds.
  path: Assets/Objects/WoodenBlock.png
  artifactKey: Guid(e7e65d7d36c09ce4badb342f828c25ea) Importer(815301076,1909f56bfc062723c751e8b465ee728b)
Start importing Assets/Objects/WoodenBlock.png using Guid(e7e65d7d36c09ce4badb342f828c25ea) Importer(815301076,1909f56bfc062723c751e8b465ee728b)  -> (artifact id: '2f81a7f1ea2edf46bcc7ef2f1ad5baf2') in 0.024014 seconds 
========================================================================
Received Import Request.
  Time since last request: 20.096281 seconds.
  path: Assets/Objects/Materials
  artifactKey: Guid(736c08c00302a1043b276800276904ed) Importer(815301076,1909f56bfc062723c751e8b465ee728b)
Start importing Assets/Objects/Materials using Guid(736c08c00302a1043b276800276904ed) Importer(815301076,1909f56bfc062723c751e8b465ee728b)  -> (artifact id: '14cdee050616693927a37c3595028de9') in 0.012278 seconds 
========================================================================
Received Import Request.
  Time since last request: 0.105626 seconds.
  path: Assets/Objects/Materials/WoodenBlock.mat
  artifactKey: Guid(febf3bf0fa0dfb140a4de9474f713dfe) Importer(815301076,1909f56bfc062723c751e8b465ee728b)
Start importing Assets/Objects/Materials/WoodenBlock.mat using Guid(febf3bf0fa0dfb140a4de9474f713dfe) Importer(815301076,1909f56bfc062723c751e8b465ee728b)  -> (artifact id: '30563fa112276d0e0ae29e4ea248b627') in 0.015976 seconds 
========================================================================
Received Import Request.
  Time since last request: 29.814471 seconds.
  path: Assets/Objects/buildingblock.prefab
  artifactKey: Guid(869687d24be6c70458805e296d65b478) Importer(815301076,1909f56bfc062723c751e8b465ee728b)
Start importing Assets/Objects/buildingblock.prefab using Guid(869687d24be6c70458805e296d65b478) Importer(815301076,1909f56bfc062723c751e8b465ee728b)  -> (artifact id: '429ca7af0e4a9290b1120fee987b6fd2') in 0.013654 seconds 
========================================================================
Received Import Request.
  Time since last request: 2.777941 seconds.
  path: Assets/Objects/buildingblock.prefab
  artifactKey: Guid(869687d24be6c70458805e296d65b478) Importer(815301076,1909f56bfc062723c751e8b465ee728b)
Start importing Assets/Objects/buildingblock.prefab using Guid(869687d24be6c70458805e296d65b478) Importer(815301076,1909f56bfc062723c751e8b465ee728b)  -> (artifact id: '1df08e39ae2fb2acc95a81f8ec192a1b') in 0.016044 seconds 
========================================================================
Received Import Request.
  Time since last request: 1.608561 seconds.
  path: Assets/Objects/buildingblock.prefab
  artifactKey: Guid(869687d24be6c70458805e296d65b478) Importer(815301076,1909f56bfc062723c751e8b465ee728b)
Start importing Assets/Objects/buildingblock.prefab using Guid(869687d24be6c70458805e296d65b478) Importer(815301076,1909f56bfc062723c751e8b465ee728b)  -> (artifact id: 'f06c4d539e65751924798827e2923035') in 0.015904 seconds 
========================================================================
Received Import Request.
  Time since last request: 17.377017 seconds.
  path: Assets/Objects/buildingblock.prefab
  artifactKey: Guid(869687d24be6c70458805e296d65b478) Importer(815301076,1909f56bfc062723c751e8b465ee728b)
Start importing Assets/Objects/buildingblock.prefab using Guid(869687d24be6c70458805e296d65b478) Importer(815301076,1909f56bfc062723c751e8b465ee728b)  -> (artifact id: 'c7bedad54cf5e827c24a58e46c1a2afa') in 0.011440 seconds 
========================================================================
Received Import Request.
  Time since last request: 96.589938 seconds.
  path: Assets/Objects/MainStage.prefab
  artifactKey: Guid(d876cdf25a02f5347959659399a33ff2) Importer(815301076,1909f56bfc062723c751e8b465ee728b)
Start importing Assets/Objects/MainStage.prefab using Guid(d876cdf25a02f5347959659399a33ff2) Importer(815301076,1909f56bfc062723c751e8b465ee728b)  -> (artifact id: '71e08ce0b4a98263788d49e6a7538b21') in 0.010906 seconds 
========================================================================
Received Import Request.
  Time since last request: 2.593034 seconds.
  path: Assets/Objects/MainStage.prefab
  artifactKey: Guid(d876cdf25a02f5347959659399a33ff2) Importer(815301076,1909f56bfc062723c751e8b465ee728b)
Start importing Assets/Objects/MainStage.prefab using Guid(d876cdf25a02f5347959659399a33ff2) Importer(815301076,1909f56bfc062723c751e8b465ee728b)  -> (artifact id: '1bbf1d3793e11b08487169b378a8bbf4') in 0.017703 seconds 
========================================================================
Received Import Request.
  Time since last request: 2.987716 seconds.
  path: Assets/Objects/MainStage.prefab
  artifactKey: Guid(d876cdf25a02f5347959659399a33ff2) Importer(815301076,1909f56bfc062723c751e8b465ee728b)
Start importing Assets/Objects/MainStage.prefab using Guid(d876cdf25a02f5347959659399a33ff2) Importer(815301076,1909f56bfc062723c751e8b465ee728b)  -> (artifact id: '1cdb5287f410da3d83428a716abb76c1') in 0.010709 seconds 
========================================================================
Received Import Request.
  Time since last request: 2.403381 seconds.
  path: Assets/Objects/MainStage.prefab
  artifactKey: Guid(d876cdf25a02f5347959659399a33ff2) Importer(815301076,1909f56bfc062723c751e8b465ee728b)
Start importing Assets/Objects/MainStage.prefab using Guid(d876cdf25a02f5347959659399a33ff2) Importer(815301076,1909f56bfc062723c751e8b465ee728b)  -> (artifact id: 'af3d18e4ecf39f7c23a430f9bbb7ad71') in 0.017194 seconds 
========================================================================
Received Import Request.
  Time since last request: 4.814442 seconds.
  path: Assets/Objects/MainStage.prefab
  artifactKey: Guid(d876cdf25a02f5347959659399a33ff2) Importer(815301076,1909f56bfc062723c751e8b465ee728b)
Start importing Assets/Objects/MainStage.prefab using Guid(d876cdf25a02f5347959659399a33ff2) Importer(815301076,1909f56bfc062723c751e8b465ee728b)  -> (artifact id: 'b6856d764170411f3c9444686a2fa123') in 0.017038 seconds 
========================================================================
Received Import Request.
  Time since last request: 14.909381 seconds.
  path: Assets/Objects/MainStage.prefab
  artifactKey: Guid(d876cdf25a02f5347959659399a33ff2) Importer(815301076,1909f56bfc062723c751e8b465ee728b)
Start importing Assets/Objects/MainStage.prefab using Guid(d876cdf25a02f5347959659399a33ff2) Importer(815301076,1909f56bfc062723c751e8b465ee728b)  -> (artifact id: '0f58fdea019e22ab256a4bb4fc6672a9') in 0.017239 seconds 
========================================================================
Received Import Request.
  Time since last request: 2.790402 seconds.
  path: Assets/Objects/MainStage.prefab
  artifactKey: Guid(d876cdf25a02f5347959659399a33ff2) Importer(815301076,1909f56bfc062723c751e8b465ee728b)
Start importing Assets/Objects/MainStage.prefab using Guid(d876cdf25a02f5347959659399a33ff2) Importer(815301076,1909f56bfc062723c751e8b465ee728b)  -> (artifact id: '7c95511ebd81d69b8e33574f47832e31') in 0.015054 seconds 
========================================================================
Received Import Request.
  Time since last request: 0.789578 seconds.
  path: Assets/Objects/MainStage.prefab
  artifactKey: Guid(d876cdf25a02f5347959659399a33ff2) Importer(815301076,1909f56bfc062723c751e8b465ee728b)
Start importing Assets/Objects/MainStage.prefab using Guid(d876cdf25a02f5347959659399a33ff2) Importer(815301076,1909f56bfc062723c751e8b465ee728b)  -> (artifact id: '44bf1cd710b37871a7bb72948f2ed57e') in 0.017961 seconds 
========================================================================
Received Import Request.
  Time since last request: 17.511491 seconds.
  path: Assets/Objects/MainStage.prefab
  artifactKey: Guid(d876cdf25a02f5347959659399a33ff2) Importer(815301076,1909f56bfc062723c751e8b465ee728b)
Start importing Assets/Objects/MainStage.prefab using Guid(d876cdf25a02f5347959659399a33ff2) Importer(815301076,1909f56bfc062723c751e8b465ee728b)  -> (artifact id: '317ddf9a197fef0cf522e2204659638a') in 0.012235 seconds 
========================================================================
Received Import Request.
  Time since last request: 9.852749 seconds.
  path: Assets/Objects/MainStage.prefab
  artifactKey: Guid(d876cdf25a02f5347959659399a33ff2) Importer(815301076,1909f56bfc062723c751e8b465ee728b)
Start importing Assets/Objects/MainStage.prefab using Guid(d876cdf25a02f5347959659399a33ff2) Importer(815301076,1909f56bfc062723c751e8b465ee728b)  -> (artifact id: 'f208db1cf5b165cc650e0f8ffdd08543') in 0.015856 seconds 
========================================================================
Received Import Request.
  Time since last request: 23.556111 seconds.
  path: Assets/Objects/MainStage.prefab
  artifactKey: Guid(d876cdf25a02f5347959659399a33ff2) Importer(815301076,1909f56bfc062723c751e8b465ee728b)
Start importing Assets/Objects/MainStage.prefab using Guid(d876cdf25a02f5347959659399a33ff2) Importer(815301076,1909f56bfc062723c751e8b465ee728b)  -> (artifact id: 'd2c85c283ad7e44e1cd327d60f156085') in 0.011995 seconds 
========================================================================
Received Import Request.
  Time since last request: 3.231111 seconds.
  path: Assets/Objects/MainStage.prefab
  artifactKey: Guid(d876cdf25a02f5347959659399a33ff2) Importer(815301076,1909f56bfc062723c751e8b465ee728b)
Start importing Assets/Objects/MainStage.prefab using Guid(d876cdf25a02f5347959659399a33ff2) Importer(815301076,1909f56bfc062723c751e8b465ee728b)  -> (artifact id: '7d1f5994515485b2c765183c6c0def4c') in 0.016593 seconds 
========================================================================
Received Import Request.
  Time since last request: 5.218110 seconds.
  path: Assets/Objects/MainStage.prefab
  artifactKey: Guid(d876cdf25a02f5347959659399a33ff2) Importer(815301076,1909f56bfc062723c751e8b465ee728b)
Start importing Assets/Objects/MainStage.prefab using Guid(d876cdf25a02f5347959659399a33ff2) Importer(815301076,1909f56bfc062723c751e8b465ee728b)  -> (artifact id: 'e01b54b951578349eff493c61df88ff6') in 0.016236 seconds 
========================================================================
Received Import Request.
  Time since last request: 3.398746 seconds.
  path: Assets/Objects/MainStage.prefab
  artifactKey: Guid(d876cdf25a02f5347959659399a33ff2) Importer(815301076,1909f56bfc062723c751e8b465ee728b)
Start importing Assets/Objects/MainStage.prefab using Guid(d876cdf25a02f5347959659399a33ff2) Importer(815301076,1909f56bfc062723c751e8b465ee728b)  -> (artifact id: '5080777fa443c1fdbc0245c79bd14f73') in 0.015777 seconds 
========================================================================
Received Import Request.
  Time since last request: 4.614332 seconds.
  path: Assets/Objects/MainStage.prefab
  artifactKey: Guid(d876cdf25a02f5347959659399a33ff2) Importer(815301076,1909f56bfc062723c751e8b465ee728b)
Start importing Assets/Objects/MainStage.prefab using Guid(d876cdf25a02f5347959659399a33ff2) Importer(815301076,1909f56bfc062723c751e8b465ee728b)  -> (artifact id: '48a01f06cb56c3f66ef23af1ac2e1df9') in 0.016494 seconds 
========================================================================
Received Import Request.
  Time since last request: 1.992764 seconds.
  path: Assets/Objects/MainStage.prefab
  artifactKey: Guid(d876cdf25a02f5347959659399a33ff2) Importer(815301076,1909f56bfc062723c751e8b465ee728b)
Start importing Assets/Objects/MainStage.prefab using Guid(d876cdf25a02f5347959659399a33ff2) Importer(815301076,1909f56bfc062723c751e8b465ee728b)  -> (artifact id: '4ad5495639d2ffaf0f7a009d5179e9e5') in 0.017261 seconds 
